d:\code\tdvad\tdvad\debug\vc142.pdb
d:\code\tdvad\tdvad\debug\vc142.idb
d:\code\tdvad\tdvad\debug\vad_core.obj
d:\code\tdvad\tdvad\debug\spl_sqrt_floor.obj
d:\code\tdvad\tdvad\debug\vector_scaling_operations.obj
d:\code\tdvad\tdvad\debug\spl_init.obj
d:\code\tdvad\tdvad\debug\resample_fractional.obj
d:\code\tdvad\tdvad\debug\resample_by_2_internal.obj
d:\code\tdvad\tdvad\debug\resample_48khz.obj
d:\code\tdvad\tdvad\debug\min_max_operations.obj
d:\code\tdvad\tdvad\debug\get_scaling_square.obj
d:\code\tdvad\tdvad\debug\energy.obj
d:\code\tdvad\tdvad\debug\downsample_fast.obj
d:\code\tdvad\tdvad\debug\division_operations.obj
d:\code\tdvad\tdvad\debug\cross_correlation.obj
d:\code\tdvad\tdvad\debug\webrtc_vad.obj
d:\code\tdvad\tdvad\debug\vad_sp.obj
d:\code\tdvad\tdvad\debug\vad_gmm.obj
d:\code\tdvad\tdvad\debug\vad_filterbank.obj
d:\code\tdvad\tdvad\debug\tdvad.obj
d:\code\tdvad\tdvad\debug\vad.obj
d:\code\tdvad\tdvad\debug\dot_product_with_scale.obj
d:\code\tdvad\tdvad\debug\checks.obj
d:\code\tdvad\tdvad\debug\spl_inl.obj
d:\code\tdvad\tdvad\debug\tdvad.ilk
d:\code\tdvad\debug\tdvad.exe
d:\code\tdvad\debug\tdvad.pdb
d:\code\tdvad\tdvad\debug\tdvad.tlog\cl.command.1.tlog
d:\code\tdvad\tdvad\debug\tdvad.tlog\cl.read.1.tlog
d:\code\tdvad\tdvad\debug\tdvad.tlog\cl.write.1.tlog
d:\code\tdvad\tdvad\debug\tdvad.tlog\link.command.1.tlog
d:\code\tdvad\tdvad\debug\tdvad.tlog\link.read.1.tlog
d:\code\tdvad\tdvad\debug\tdvad.tlog\link.write.1.tlog
